08.02.2016 12:56:24.173 [6] ERROR MySqlAdoNetAppender - Ошибка при сохранении сущностей, не обеспечивающих доступ к свойствам внешнего ключа для их связей. Свойство EntityEntries вернет значение NULL, поскольку одна сущность не может быть идентифицирована как источник для исключения. Обработку исключений при сохранении можно упростить путем предоставления доступа к свойствам внешнего ключа в типах сущности. Дополнительные сведения можно получить через объект InnerException.
08.02.2016 13:19:57.489 [30] ERROR MySqlAdoNetAppender - Сбой при проверке одной или нескольких сущностей. Более подробные сведения см. в свойстве "EntityValidationErrors".
08.02.2016 13:22:48.021 [27] ERROR MySqlAdoNetAppender - Сбой при проверке одной или нескольких сущностей. Более подробные сведения см. в свойстве "EntityValidationErrors".
08.02.2016 13:24:04.390 [27] ERROR MySqlAdoNetAppender - Ошибка при сохранении сущностей, не обеспечивающих доступ к свойствам внешнего ключа для их связей. Свойство EntityEntries вернет значение NULL, поскольку одна сущность не может быть идентифицирована как источник для исключения. Обработку исключений при сохранении можно упростить путем предоставления доступа к свойствам внешнего ключа в типах сущности. Дополнительные сведения можно получить через объект InnerException.
08.02.2016 13:30:18.561 [27] ERROR MySqlAdoNetAppender - Сбой при проверке одной или нескольких сущностей. Более подробные сведения см. в свойстве "EntityValidationErrors".
08.02.2016 13:32:07.831 [27] ERROR MySqlAdoNetAppender - Сбой при проверке одной или нескольких сущностей. Более подробные сведения см. в свойстве "EntityValidationErrors".
08.02.2016 13:33:58.937 [27] ERROR MySqlAdoNetAppender - Последовательность не содержит элементов
08.02.2016 13:36:02.026 [27] ERROR MySqlAdoNetAppender - Сбой при проверке одной или нескольких сущностей. Более подробные сведения см. в свойстве "EntityValidationErrors".
08.02.2016 13:38:12.951 [15] ERROR MySqlAdoNetAppender - Сбой при проверке одной или нескольких сущностей. Более подробные сведения см. в свойстве "EntityValidationErrors".
08.02.2016 13:42:37.142 [19] ERROR MySqlAdoNetAppender - Сбой при проверке одной или нескольких сущностей. Более подробные сведения см. в свойстве "EntityValidationErrors".
08.02.2016 13:43:52.696 [12] ERROR MySqlAdoNetAppender - Сбой при проверке одной или нескольких сущностей. Более подробные сведения см. в свойстве "EntityValidationErrors".
08.02.2016 13:48:27.657 [14] ERROR MySqlAdoNetAppender - Ошибка при сохранении сущностей, не обеспечивающих доступ к свойствам внешнего ключа для их связей. Свойство EntityEntries вернет значение NULL, поскольку одна сущность не может быть идентифицирована как источник для исключения. Обработку исключений при сохранении можно упростить путем предоставления доступа к свойствам внешнего ключа в типах сущности. Дополнительные сведения можно получить через объект InnerException.
08.02.2016 13:54:20.756 [26] ERROR MySqlAdoNetAppender - Ошибка при сохранении сущностей, не обеспечивающих доступ к свойствам внешнего ключа для их связей. Свойство EntityEntries вернет значение NULL, поскольку одна сущность не может быть идентифицирована как источник для исключения. Обработку исключений при сохранении можно упростить путем предоставления доступа к свойствам внешнего ключа в типах сущности. Дополнительные сведения можно получить через объект InnerException.
08.02.2016 14:05:19.893 [10] ERROR MySqlAdoNetAppender - Ошибка при сохранении сущностей, не обеспечивающих доступ к свойствам внешнего ключа для их связей. Свойство EntityEntries вернет значение NULL, поскольку одна сущность не может быть идентифицирована как источник для исключения. Обработку исключений при сохранении можно упростить путем предоставления доступа к свойствам внешнего ключа в типах сущности. Дополнительные сведения можно получить через объект InnerException.
08.02.2016 14:12:23.331 [5] ERROR MySqlAdoNetAppender - Ошибка при сохранении сущностей, не обеспечивающих доступ к свойствам внешнего ключа для их связей. Свойство EntityEntries вернет значение NULL, поскольку одна сущность не может быть идентифицирована как источник для исключения. Обработку исключений при сохранении можно упростить путем предоставления доступа к свойствам внешнего ключа в типах сущности. Дополнительные сведения можно получить через объект InnerException.
08.02.2016 14:14:08.648 [6] ERROR MySqlAdoNetAppender - Ошибка при сохранении сущностей, не обеспечивающих доступ к свойствам внешнего ключа для их связей. Свойство EntityEntries вернет значение NULL, поскольку одна сущность не может быть идентифицирована как источник для исключения. Обработку исключений при сохранении можно упростить путем предоставления доступа к свойствам внешнего ключа в типах сущности. Дополнительные сведения можно получить через объект InnerException.
08.02.2016 14:17:02.359 [5] ERROR MySqlAdoNetAppender - Не удалось найти общедоступный метод действия "AddNewDolzhnost" на контроллере "ProducerInterface.Controllers.AccountController".
08.02.2016 14:17:18.443 [13] ERROR MySqlAdoNetAppender - Не удалось найти общедоступный метод действия "DolznostAddNew" на контроллере "ProducerInterface.Controllers.AccountController".
08.02.2016 14:17:21.475 [12] ERROR MySqlAdoNetAppender - Не удалось найти общедоступный метод действия "DolznostAddNew" на контроллере "ProducerInterface.Controllers.AccountController".
08.02.2016 14:17:44.220 [5] ERROR MySqlAdoNetAppender - Не удалось найти общедоступный метод действия "DolznostAddNew" на контроллере "ProducerInterface.Controllers.AccountController".
08.02.2016 14:17:56.473 [13] ERROR MySqlAdoNetAppender - Обнаружено потенциально опасное значение Request.Path, полученное от клиента (&).
08.02.2016 14:18:14.870 [5] ERROR MySqlAdoNetAppender - Не удалось найти общедоступный метод действия "DolznostAddNew" на контроллере "ProducerInterface.Controllers.AccountController".
08.02.2016 14:18:37.613 [5] ERROR MySqlAdoNetAppender - Не удалось найти общедоступный метод действия "DolznostAddNew" на контроллере "ProducerInterface.Controllers.AccountController".
08.02.2016 14:30:39.741 [28] ERROR MySqlAdoNetAppender - Ошибка при сохранении сущностей, не обеспечивающих доступ к свойствам внешнего ключа для их связей. Свойство EntityEntries вернет значение NULL, поскольку одна сущность не может быть идентифицирована как источник для исключения. Обработку исключений при сохранении можно упростить путем предоставления доступа к свойствам внешнего ключа в типах сущности. Дополнительные сведения можно получить через объект InnerException.
08.02.2016 14:41:18.547 [5] ERROR MySqlAdoNetAppender - Ошибка при сохранении сущностей, не обеспечивающих доступ к свойствам внешнего ключа для их связей. Свойство EntityEntries вернет значение NULL, поскольку одна сущность не может быть идентифицирована как источник для исключения. Обработку исключений при сохранении можно упростить путем предоставления доступа к свойствам внешнего ключа в типах сущности. Дополнительные сведения можно получить через объект InnerException.
08.02.2016 14:46:33.137 [14] ERROR MySqlAdoNetAppender - Ссылка на объект не указывает на экземпляр объекта.
08.02.2016 14:48:17.817 [6] ERROR MySqlAdoNetAppender - "System.Data.Entity.DynamicProxies.Account_98D573795D2398A7705C79BEC6DDF10ED78412368AD7B5E273E271CA2D3AFF2F" не содержит определения для "Email"
08.02.2016 14:48:40.712 [6] ERROR MySqlAdoNetAppender - "System.Data.Entity.DynamicProxies.Account_98D573795D2398A7705C79BEC6DDF10ED78412368AD7B5E273E271CA2D3AFF2F" не содержит определения для "ControlPanelGroup"
08.02.2016 14:52:25.577 [6] ERROR MySqlAdoNetAppender - Ссылка на объект не указывает на экземпляр объекта.
08.02.2016 14:52:39.871 [6] ERROR MySqlAdoNetAppender - Ссылка на объект не указывает на экземпляр объекта.
08.02.2016 15:38:40.494 [25] ERROR MySqlAdoNetAppender - Значение не может быть неопределенным.
Имя параметра: items
08.02.2016 15:41:36.027 [38] ERROR MySqlAdoNetAppender - Значение не может быть неопределенным.
Имя параметра: items
08.02.2016 15:45:57.817 [35] ERROR MySqlAdoNetAppender - Значение не может быть неопределенным.
Имя параметра: items
08.02.2016 16:32:44.180 [36] ERROR MySqlAdoNetAppender - Невызываемый член "System.Collections.Generic.List<ProducerInterfaceCommon.ContextModels.NotificationToProducers>.Count" не может использоваться как метод.
08.02.2016 16:35:37.344 [18] INFO  Quartz.Util.DBConnectionManager - Registering datasource 'default' with db provider: 'Quartz.Impl.AdoJobStore.Common.DbProvider'
08.02.2016 16:35:37.365 [18] INFO  Quartz.Impl.StdSchedulerFactory - Using default implementation for object serializer
08.02.2016 16:35:37.383 [18] INFO  Quartz.Impl.StdSchedulerFactory - Using default implementation for ThreadExecutor
08.02.2016 16:35:37.441 [18] INFO  Quartz.Core.SchedulerSignalerImpl - Initialized Scheduler Signaller of type: Quartz.Core.SchedulerSignalerImpl
08.02.2016 16:35:37.456 [18] INFO  Quartz.Core.QuartzScheduler - Quartz Scheduler v.2.3.3.0 created.
08.02.2016 16:35:37.493 [18] INFO  Quartz.Impl.AdoJobStore.JobStoreTX - Using thread monitor-based data access locking (synchronization).
08.02.2016 16:35:37.507 [18] INFO  Quartz.Impl.AdoJobStore.JobStoreTX - JobStoreTX initialized.
08.02.2016 16:35:37.525 [18] INFO  Quartz.Core.QuartzScheduler - Scheduler meta-data: Quartz Scheduler (v2.3.3.0) 'TestScheduler' with instanceId 'NON_CLUSTERED'
  Scheduler class: 'Quartz.Core.QuartzScheduler' - running locally.
  NOT STARTED.
  Currently in standby mode.
  Number of jobs executed: 0
  Using thread pool 'Quartz.Simpl.SimpleThreadPool' - with 3 threads.
  Using job-store 'Quartz.Impl.AdoJobStore.JobStoreTX' - which supports persistence. and is not clustered.

08.02.2016 16:35:37.539 [18] INFO  Quartz.Impl.StdSchedulerFactory - Quartz scheduler 'TestScheduler' initialized
08.02.2016 16:35:37.553 [18] INFO  Quartz.Impl.StdSchedulerFactory - Quartz scheduler version: 2.3.3.0
08.02.2016 16:35:37.576 [18] DEBUG Quartz.Impl.AdoJobStore.SimpleSemaphore - Lock 'TRIGGER_ACCESS' is desired by: 
08.02.2016 16:35:37.593 [18] DEBUG Quartz.Impl.AdoJobStore.SimpleSemaphore - Lock 'TRIGGER_ACCESS' is being obtained: 
08.02.2016 16:35:37.607 [18] DEBUG Quartz.Impl.AdoJobStore.SimpleSemaphore - Lock 'TRIGGER_ACCESS' given to: 
08.02.2016 16:35:37.832 [18] DEBUG Quartz.Impl.AdoJobStore.JobStoreTX - Adding TriggerPersistenceDelegate of type: Quartz.Impl.AdoJobStore.SimpleTriggerPersistenceDelegate
08.02.2016 16:35:37.848 [18] DEBUG Quartz.Impl.AdoJobStore.JobStoreTX - Adding TriggerPersistenceDelegate of type: Quartz.Impl.AdoJobStore.CronTriggerPersistenceDelegate
08.02.2016 16:35:37.862 [18] DEBUG Quartz.Impl.AdoJobStore.JobStoreTX - Adding TriggerPersistenceDelegate of type: Quartz.Impl.AdoJobStore.CalendarIntervalTriggerPersistenceDelegate
08.02.2016 16:35:37.877 [18] DEBUG Quartz.Impl.AdoJobStore.JobStoreTX - Adding TriggerPersistenceDelegate of type: Quartz.Impl.AdoJobStore.DailyTimeIntervalTriggerPersistenceDelegate
08.02.2016 16:35:38.101 [18] INFO  Quartz.Impl.AdoJobStore.JobStoreTX - Freed 0 triggers from 'acquired' / 'blocked' state.
08.02.2016 16:35:38.130 [18] INFO  Quartz.Impl.AdoJobStore.JobStoreTX - Handling 6 trigger(s) that missed their scheduled fire-time.
08.02.2016 16:35:38.655 [18] DEBUG Quartz.Impl.AdoJobStore.SimpleSemaphore - Lock 'TRIGGER_ACCESS' returned by: 
08.02.2016 16:38:14.140 [18] ERROR MySqlAdoNetAppender - Failure occurred during job recovery.
08.02.2016 16:39:04.889 [18] DEBUG Quartz.Impl.AdoJobStore.SimpleSemaphore - Lock 'TRIGGER_ACCESS' is desired by: 
08.02.2016 16:39:04.903 [18] DEBUG Quartz.Impl.AdoJobStore.SimpleSemaphore - Lock 'TRIGGER_ACCESS' is being obtained: 
08.02.2016 16:39:04.917 [18] DEBUG Quartz.Impl.AdoJobStore.SimpleSemaphore - Lock 'TRIGGER_ACCESS' given to: 
08.02.2016 16:39:05.019 [18] DEBUG Quartz.Impl.AdoJobStore.SimpleSemaphore - Lock 'TRIGGER_ACCESS' returned by: 
08.02.2016 17:20:42.747 [7] ERROR MySqlAdoNetAppender - Ссылка на объект не указывает на экземпляр объекта.
08.02.2016 17:22:20.559 [6] ERROR MySqlAdoNetAppender - Ссылка на объект не указывает на экземпляр объекта.
08.02.2016 18:05:45.262 [12] ERROR MySqlAdoNetAppender - Текущий запрос для действия "Account" на контроллере типа "ProfileController" является неоднозначным на следующих методах действий:
System.Web.Mvc.ActionResult Account() на типе ProducerInterface.Controllers.ProfileController
System.Web.Mvc.ActionResult Account(ProducerInterfaceCommon.ContextModels.ProfileValidation) на типе ProducerInterface.Controllers.ProfileController
08.02.2016 18:35:04.405 [17] ERROR MySqlAdoNetAppender - Незавершенный строковый литерал. Строки, которые начинаются с символа кавычки ("), должны быть завершены до конца строки. Однако строки, начинающиеся с символа @ и кавычки (@"), могут состоять из нескольких строк. Закрывающие HTML-теги в строковом литерале могут вызвать это сообщение об ошибке.

08.02.2016 19:18:35.696 [7] ERROR MySqlAdoNetAppender - C:\Users\alegusov\projects\producerinterface\ProducerInterface\Views\Shared\ModelSendErrorMessageForAminPartial.cshtml(26): error CS0103: The name 'CurrentUser' does not exist in the current context
08.02.2016 19:19:07.247 [9] ERROR MySqlAdoNetAppender - C:\Users\alegusov\projects\producerinterface\ProducerInterface\Views\Shared\ModelSendErrorMessageForAminPartial.cshtml(26): error CS0103: The name 'CurrentUser' does not exist in the current context
08.02.2016 19:20:15.299 [14] ERROR MySqlAdoNetAppender - C:\Users\alegusov\projects\producerinterface\ProducerInterface\Views\Shared\ModelSendErrorMessageForAminPartial.cshtml(22): error CS0103: The name 'user' does not exist in the current context
08.02.2016 19:20:24.210 [12] ERROR MySqlAdoNetAppender - C:\Users\alegusov\projects\producerinterface\ProducerInterface\Views\Shared\ModelSendErrorMessageForAminPartial.cshtml(22): error CS0103: The name 'user' does not exist in the current context
08.02.2016 19:20:34.412 [14] ERROR MySqlAdoNetAppender - C:\Users\alegusov\projects\producerinterface\ProducerInterface\Views\Shared\ModelSendErrorMessageForAminPartial.cshtml(22): error CS0103: The name 'user' does not exist in the current context
08.02.2016 19:20:42.370 [7] ERROR MySqlAdoNetAppender - C:\Users\alegusov\projects\producerinterface\ProducerInterface\Views\Shared\ModelSendErrorMessageForAminPartial.cshtml(22): error CS0103: The name 'user' does not exist in the current context
08.02.2016 19:21:38.332 [12] ERROR MySqlAdoNetAppender - C:\Users\alegusov\projects\producerinterface\ProducerInterface\Views\Shared\ModelSendErrorMessageForAminPartial.cshtml(22): error CS0103: The name 'user' does not exist in the current context
08.02.2016 19:21:50.136 [6] ERROR MySqlAdoNetAppender - C:\Users\alegusov\projects\producerinterface\ProducerInterface\Views\Shared\ModelSendErrorMessageForAminPartial.cshtml(22): error CS0103: The name 'user' does not exist in the current context
08.02.2016 19:22:13.241 [10] ERROR MySqlAdoNetAppender - C:\Users\alegusov\projects\producerinterface\ProducerInterface\Views\Shared\ModelSendErrorMessageForAminPartial.cshtml(22): error CS0103: The name 'user' does not exist in the current context
08.02.2016 19:22:46.292 [6] ERROR MySqlAdoNetAppender - C:\Users\alegusov\projects\producerinterface\ProducerInterface\Views\Shared\ModelSendErrorMessageForAminPartial.cshtml(22): error CS0103: The name 'user' does not exist in the current context
08.02.2016 19:22:57.804 [7] ERROR MySqlAdoNetAppender - C:\Users\alegusov\projects\producerinterface\ProducerInterface\Views\Shared\ModelSendErrorMessageForAminPartial.cshtml(22): error CS0103: The name 'user' does not exist in the current context
08.02.2016 19:45:58.011 [49] INFO  Quartz.Util.DBConnectionManager - Registering datasource 'default' with db provider: 'Quartz.Impl.AdoJobStore.Common.DbProvider'
08.02.2016 19:45:58.026 [49] INFO  Quartz.Impl.StdSchedulerFactory - Using default implementation for object serializer
08.02.2016 19:45:58.042 [49] INFO  Quartz.Impl.StdSchedulerFactory - Using default implementation for ThreadExecutor
08.02.2016 19:45:58.089 [49] INFO  Quartz.Core.SchedulerSignalerImpl - Initialized Scheduler Signaller of type: Quartz.Core.SchedulerSignalerImpl
08.02.2016 19:45:58.104 [49] INFO  Quartz.Core.QuartzScheduler - Quartz Scheduler v.2.3.3.0 created.
08.02.2016 19:45:58.120 [49] INFO  Quartz.Impl.AdoJobStore.JobStoreTX - Using thread monitor-based data access locking (synchronization).
08.02.2016 19:45:58.136 [49] INFO  Quartz.Impl.AdoJobStore.JobStoreTX - JobStoreTX initialized.
08.02.2016 19:45:58.151 [49] INFO  Quartz.Core.QuartzScheduler - Scheduler meta-data: Quartz Scheduler (v2.3.3.0) 'TestScheduler' with instanceId 'NON_CLUSTERED'
  Scheduler class: 'Quartz.Core.QuartzScheduler' - running locally.
  NOT STARTED.
  Currently in standby mode.
  Number of jobs executed: 0
  Using thread pool 'Quartz.Simpl.SimpleThreadPool' - with 3 threads.
  Using job-store 'Quartz.Impl.AdoJobStore.JobStoreTX' - which supports persistence. and is not clustered.

08.02.2016 19:45:58.167 [49] INFO  Quartz.Impl.StdSchedulerFactory - Quartz scheduler 'TestScheduler' initialized
08.02.2016 19:45:58.182 [49] INFO  Quartz.Impl.StdSchedulerFactory - Quartz scheduler version: 2.3.3.0
08.02.2016 19:45:58.198 [49] DEBUG Quartz.Impl.AdoJobStore.SimpleSemaphore - Lock 'TRIGGER_ACCESS' is desired by: 
08.02.2016 19:45:58.214 [49] DEBUG Quartz.Impl.AdoJobStore.SimpleSemaphore - Lock 'TRIGGER_ACCESS' is being obtained: 
08.02.2016 19:45:58.229 [49] DEBUG Quartz.Impl.AdoJobStore.SimpleSemaphore - Lock 'TRIGGER_ACCESS' given to: 
08.02.2016 19:45:58.495 [49] DEBUG Quartz.Impl.AdoJobStore.JobStoreTX - Adding TriggerPersistenceDelegate of type: Quartz.Impl.AdoJobStore.SimpleTriggerPersistenceDelegate
08.02.2016 19:45:58.511 [49] DEBUG Quartz.Impl.AdoJobStore.JobStoreTX - Adding TriggerPersistenceDelegate of type: Quartz.Impl.AdoJobStore.CronTriggerPersistenceDelegate
08.02.2016 19:45:58.526 [49] DEBUG Quartz.Impl.AdoJobStore.JobStoreTX - Adding TriggerPersistenceDelegate of type: Quartz.Impl.AdoJobStore.CalendarIntervalTriggerPersistenceDelegate
08.02.2016 19:45:58.542 [49] DEBUG Quartz.Impl.AdoJobStore.JobStoreTX - Adding TriggerPersistenceDelegate of type: Quartz.Impl.AdoJobStore.DailyTimeIntervalTriggerPersistenceDelegate
08.02.2016 19:45:58.604 [49] INFO  Quartz.Impl.AdoJobStore.JobStoreTX - Freed 0 triggers from 'acquired' / 'blocked' state.
08.02.2016 19:45:58.636 [49] INFO  Quartz.Impl.AdoJobStore.JobStoreTX - Handling 6 trigger(s) that missed their scheduled fire-time.
08.02.2016 19:45:59.136 [49] DEBUG Quartz.Impl.AdoJobStore.SimpleSemaphore - Lock 'TRIGGER_ACCESS' returned by: 
08.02.2016 19:46:07.603 [49] ERROR MySqlAdoNetAppender - Failure occurred during job recovery.
08.02.2016 20:05:57.396 [70] ERROR MySqlAdoNetAppender - C:\Users\alegusov\projects\producerinterface\ProducerInterface\Views\Shared\ModelSendErrorMessageForAminPartial.cshtml(22): error CS0117: 'AjaxOptions' does not contain a definition for 'onSuccess'
08.02.2016 20:05:59.454 [68] ERROR MySqlAdoNetAppender - C:\Users\alegusov\projects\producerinterface\ProducerInterface\Views\Shared\ModelSendErrorMessageForAminPartial.cshtml(22): error CS0117: 'AjaxOptions' does not contain a definition for 'onSuccess'
08.02.2016 20:06:01.230 [90] ERROR MySqlAdoNetAppender - C:\Users\alegusov\projects\producerinterface\ProducerInterface\Views\Shared\ModelSendErrorMessageForAminPartial.cshtml(22): error CS0117: 'AjaxOptions' does not contain a definition for 'onSuccess'
08.02.2016 20:06:04.818 [81] ERROR MySqlAdoNetAppender - C:\Users\alegusov\projects\producerinterface\ProducerInterface\Views\Shared\ModelSendErrorMessageForAminPartial.cshtml(22): error CS0117: 'AjaxOptions' does not contain a definition for 'onSuccess'
08.02.2016 20:06:13.475 [86] ERROR MySqlAdoNetAppender - C:\Users\alegusov\projects\producerinterface\ProducerInterface\Views\Shared\ModelSendErrorMessageForAminPartial.cshtml(22): error CS0117: 'AjaxOptions' does not contain a definition for 'onSuccess'
08.02.2016 20:06:49.675 [70] ERROR MySqlAdoNetAppender - C:\Users\alegusov\projects\producerinterface\ProducerInterface\Views\Shared\ModelSendErrorMessageForAminPartial.cshtml(22): error CS0117: 'AjaxOptions' does not contain a definition for 'onSuccess'
08.02.2016 20:07:15.650 [88] ERROR MySqlAdoNetAppender - C:\Users\alegusov\projects\producerinterface\ProducerInterface\Views\Shared\ModelSendErrorMessageForAminPartial.cshtml(22): error CS0117: 'AjaxOptions' does not contain a definition for 'onSuccess'
08.02.2016 20:08:58.481 [70] ERROR MySqlAdoNetAppender - C:\Users\alegusov\projects\producerinterface\ProducerInterface\Views\Shared\ModelSendErrorMessageForAminPartial.cshtml(19): error CS0117: 'AjaxOptions' does not contain a definition for 'onSuccess'
08.02.2016 20:09:02.748 [82] ERROR MySqlAdoNetAppender - C:\Users\alegusov\projects\producerinterface\ProducerInterface\Views\Shared\ModelSendErrorMessageForAminPartial.cshtml(19): error CS0117: 'AjaxOptions' does not contain a definition for 'onSuccess'
08.02.2016 20:10:27.391 [81] ERROR MySqlAdoNetAppender - C:\Users\alegusov\projects\producerinterface\ProducerInterface\Views\Shared\ModelSendErrorMessageForAminPartial.cshtml(19): error CS0117: 'AjaxOptions' does not contain a definition for 'Success'
08.02.2016 20:10:45.521 [82] ERROR MySqlAdoNetAppender - C:\Users\alegusov\projects\producerinterface\ProducerInterface\Views\Shared\ModelSendErrorMessageForAminPartial.cshtml(19): error CS0117: 'AjaxOptions' does not contain a definition for 'onsuccess'
08.02.2016 20:10:49.410 [74] ERROR MySqlAdoNetAppender - C:\Users\alegusov\projects\producerinterface\ProducerInterface\Views\Shared\ModelSendErrorMessageForAminPartial.cshtml(19): error CS0117: 'AjaxOptions' does not contain a definition for 'onsuccess'
08.02.2016 20:12:07.829 [81] ERROR MySqlAdoNetAppender - C:\Users\alegusov\projects\producerinterface\ProducerInterface\Views\Shared\ModelSendErrorMessageForAminPartial.cshtml(19): error CS0117: 'AjaxOptions' does not contain a definition for 'onsuccess'
08.02.2016 20:12:14.272 [88] ERROR MySqlAdoNetAppender - C:\Users\alegusov\projects\producerinterface\ProducerInterface\Views\Shared\ModelSendErrorMessageForAminPartial.cshtml(19): error CS0117: 'AjaxOptions' does not contain a definition for 'onsuccess'
08.02.2016 20:12:25.666 [79] ERROR MySqlAdoNetAppender - C:\Users\alegusov\projects\producerinterface\ProducerInterface\Views\Shared\ModelSendErrorMessageForAminPartial.cshtml(19): error CS0117: 'AjaxOptions' does not contain a definition for 'onsuccess'
08.02.2016 20:12:34.544 [81] ERROR MySqlAdoNetAppender - C:\Users\alegusov\projects\producerinterface\ProducerInterface\Views\Shared\ModelSendErrorMessageForAminPartial.cshtml(19): error CS0117: 'AjaxOptions' does not contain a definition for 'onsuccess'
08.02.2016 20:13:15.166 [88] ERROR MySqlAdoNetAppender - C:\Users\alegusov\projects\producerinterface\ProducerInterface\Views\Shared\ModelSendErrorMessageForAminPartial.cshtml(19): error CS0117: 'AjaxOptions' does not contain a definition for 'onsuccess'
08.02.2016 20:13:32.119 [82] ERROR MySqlAdoNetAppender - C:\Users\alegusov\projects\producerinterface\ProducerInterface\Views\Shared\ModelSendErrorMessageForAminPartial.cshtml(19): error CS0117: 'AjaxOptions' does not contain a definition for 'onsuccess'
08.02.2016 20:14:37.071 [81] ERROR MySqlAdoNetAppender - Для открывающего "(" отсутствует соответствующий закрывающий ")".

08.02.2016 20:14:39.476 [82] ERROR MySqlAdoNetAppender - Для открывающего "(" отсутствует соответствующий закрывающий ")".

08.02.2016 20:14:47.056 [72] ERROR MySqlAdoNetAppender - Для открывающего "(" отсутствует соответствующий закрывающий ")".

08.02.2016 20:15:03.918 [81] ERROR MySqlAdoNetAppender - Для открывающего "(" отсутствует соответствующий закрывающий ")".

08.02.2016 20:15:15.345 [88] ERROR MySqlAdoNetAppender - C:\Users\alegusov\projects\producerinterface\ProducerInterface\Views\Shared\ModelSendErrorMessageForAminPartial.cshtml(19): error CS0117: 'AjaxOptions' does not contain a definition for 'success'
08.02.2016 20:15:17.952 [81] ERROR MySqlAdoNetAppender - C:\Users\alegusov\projects\producerinterface\ProducerInterface\Views\Shared\ModelSendErrorMessageForAminPartial.cshtml(19): error CS0117: 'AjaxOptions' does not contain a definition for 'success'
08.02.2016 20:16:01.064 [81] ERROR MySqlAdoNetAppender - C:\Users\alegusov\projects\producerinterface\ProducerInterface\Views\Shared\ModelSendErrorMessageForAminPartial.cshtml(19): error CS0117: 'AjaxOptions' does not contain a definition for 'oncomplete'
08.02.2016 20:16:12.080 [81] ERROR MySqlAdoNetAppender - C:\Users\alegusov\projects\producerinterface\ProducerInterface\Views\Shared\ModelSendErrorMessageForAminPartial.cshtml(19): error CS0117: 'AjaxOptions' does not contain a definition for 'oncomplete'
08.02.2016 20:19:13.779 [81] ERROR MySqlAdoNetAppender - C:\Users\alegusov\projects\producerinterface\ProducerInterface\Views\Shared\ModelSendErrorMessageForAminPartial.cshtml(19): error CS0117: 'AjaxOptions' does not contain a definition for 'oncomplete'
08.02.2016 20:21:55.094 [88] ERROR MySqlAdoNetAppender - C:\Users\alegusov\projects\producerinterface\ProducerInterface\Views\Shared\ModelSendErrorMessageForAminPartial.cshtml(19): error CS0117: 'AjaxOptions' does not contain a definition for 'oncomplete'
08.02.2016 20:21:59.464 [88] ERROR MySqlAdoNetAppender - C:\Users\alegusov\projects\producerinterface\ProducerInterface\Views\Shared\ModelSendErrorMessageForAminPartial.cshtml(19): error CS0117: 'AjaxOptions' does not contain a definition for 'oncomplete'
08.02.2016 20:47:42.189 [81] ERROR MySqlAdoNetAppender - Найден конечный тег "div" без соответствующего начального тега. Начальные и конечные теги сбалансированы нужным образом?

08.02.2016 20:47:57.135 [78] ERROR MySqlAdoNetAppender - Найден конечный тег "div" без соответствующего начального тега. Начальные и конечные теги сбалансированы нужным образом?

