18.12.2015 17:36:52.502 [41] DEBUG NHibernate.Loader.Loader - result set row: 16
18.12.2015 17:36:52.505 [41] DEBUG NHibernate.Loader.Loader - result row: EntityKey[AnalitFramefork.Hibernate.Models.UserPermission#23]
18.12.2015 17:36:52.505 [41] DEBUG NHibernate.Loader.Loader - Initializing object from DataReader: [AnalitFramefork.Hibernate.Models.UserPermission#23]
18.12.2015 17:36:52.505 [41] DEBUG NHibernate.Persister.Entity.AbstractEntityPersister - Hydrating entity: [AnalitFramefork.Hibernate.Models.UserPermission#23]
18.12.2015 17:36:52.505 [41] DEBUG NHibernate.Loader.Loader - found row of collection: [AnalitFramefork.Hibernate.Models.ProducerUser.Permissions#1]
18.12.2015 17:36:52.505 [41] DEBUG NHibernate.Engine.Loading.CollectionLoadContext - starting attempt to find loading collection [[AnalitFramefork.Hibernate.Models.ProducerUser.Permissions#1]]
18.12.2015 17:36:52.505 [41] DEBUG NHibernate.Engine.Loading.LoadContexts - attempting to locate loading collection entry [CollectionKey[AnalitFramefork.Hibernate.Models.ProducerUser.Permissions#1]] in any result-set context
18.12.2015 17:36:52.505 [41] DEBUG NHibernate.Engine.Loading.LoadContexts - collection [CollectionKey[AnalitFramefork.Hibernate.Models.ProducerUser.Permissions#1]] not located in load context
18.12.2015 17:36:52.505 [41] DEBUG NHibernate.Engine.Loading.CollectionLoadContext - found loading collection bound to current result set processing; reading row
18.12.2015 17:36:52.505 [41] DEBUG NHibernate.Event.Default.DefaultLoadEventListener - loading entity: [AnalitFramefork.Hibernate.Models.UserPermission#23]
18.12.2015 17:36:52.505 [41] DEBUG NHibernate.Event.Default.DefaultLoadEventListener - attempting to resolve: [AnalitFramefork.Hibernate.Models.UserPermission#23]
18.12.2015 17:36:52.505 [41] DEBUG NHibernate.Event.Default.DefaultLoadEventListener - resolved object in session cache: [AnalitFramefork.Hibernate.Models.UserPermission#23]
18.12.2015 17:36:52.505 [41] DEBUG NHibernate.Loader.Loader - result set row: 17
18.12.2015 17:36:52.505 [41] DEBUG NHibernate.Loader.Loader - result row: EntityKey[AnalitFramefork.Hibernate.Models.UserPermission#25]
18.12.2015 17:36:52.506 [41] DEBUG NHibernate.Loader.Loader - Initializing object from DataReader: [AnalitFramefork.Hibernate.Models.UserPermission#25]
18.12.2015 17:36:52.506 [41] DEBUG NHibernate.Persister.Entity.AbstractEntityPersister - Hydrating entity: [AnalitFramefork.Hibernate.Models.UserPermission#25]
18.12.2015 17:36:52.506 [41] DEBUG NHibernate.Loader.Loader - found row of collection: [AnalitFramefork.Hibernate.Models.ProducerUser.Permissions#1]
18.12.2015 17:36:52.506 [41] DEBUG NHibernate.Engine.Loading.CollectionLoadContext - starting attempt to find loading collection [[AnalitFramefork.Hibernate.Models.ProducerUser.Permissions#1]]
18.12.2015 17:36:52.506 [41] DEBUG NHibernate.Engine.Loading.LoadContexts - attempting to locate loading collection entry [CollectionKey[AnalitFramefork.Hibernate.Models.ProducerUser.Permissions#1]] in any result-set context
18.12.2015 17:36:52.506 [41] DEBUG NHibernate.Engine.Loading.LoadContexts - collection [CollectionKey[AnalitFramefork.Hibernate.Models.ProducerUser.Permissions#1]] not located in load context
18.12.2015 17:36:52.506 [41] DEBUG NHibernate.Engine.Loading.CollectionLoadContext - found loading collection bound to current result set processing; reading row
18.12.2015 17:36:52.506 [41] DEBUG NHibernate.Event.Default.DefaultLoadEventListener - loading entity: [AnalitFramefork.Hibernate.Models.UserPermission#25]
18.12.2015 17:36:52.506 [41] DEBUG NHibernate.Event.Default.DefaultLoadEventListener - attempting to resolve: [AnalitFramefork.Hibernate.Models.UserPermission#25]
18.12.2015 17:36:52.506 [41] DEBUG NHibernate.Event.Default.DefaultLoadEventListener - resolved object in session cache: [AnalitFramefork.Hibernate.Models.UserPermission#25]
18.12.2015 17:36:52.506 [41] DEBUG NHibernate.Loader.Loader - done processing result set (18 rows)
18.12.2015 17:36:52.506 [41] DEBUG NHibernate.Driver.NHybridDataReader - running NHybridDataReader.Dispose()
18.12.2015 17:36:52.506 [41] DEBUG NHibernate.AdoNet.AbstractBatcher - Closed IDataReader, open IDataReaders :0
18.12.2015 17:36:52.506 [41] DEBUG NHibernate.AdoNet.AbstractBatcher - DataReader was closed after 8 ms
18.12.2015 17:36:52.506 [41] DEBUG NHibernate.AdoNet.AbstractBatcher - Closed IDbCommand, open IDbCommands: 0
18.12.2015 17:36:52.506 [41] DEBUG NHibernate.Loader.Loader - total objects hydrated: 18
18.12.2015 17:36:52.506 [41] DEBUG NHibernate.Engine.TwoPhaseLoad - resolving associations for [AnalitFramefork.Hibernate.Models.UserPermission#1]
18.12.2015 17:36:52.506 [41] DEBUG NHibernate.Engine.Loading.LoadContexts - attempting to locate loading collection entry [CollectionKey[AnalitFramefork.Hibernate.Models.UserPermission.Users#1]] in any result-set context
18.12.2015 17:36:52.506 [41] DEBUG NHibernate.Engine.Loading.LoadContexts - collection [CollectionKey[AnalitFramefork.Hibernate.Models.UserPermission.Users#1]] located in load context
18.12.2015 17:36:52.506 [41] DEBUG NHibernate.Type.CollectionType - Created collection wrapper: [AnalitFramefork.Hibernate.Models.UserPermission.Users#1]
18.12.2015 17:36:52.506 [41] DEBUG NHibernate.Engine.TwoPhaseLoad - done materializing entity [AnalitFramefork.Hibernate.Models.UserPermission#1]
18.12.2015 17:36:52.506 [41] DEBUG NHibernate.Engine.TwoPhaseLoad - resolving associations for [AnalitFramefork.Hibernate.Models.UserPermission#2]
18.12.2015 17:36:52.506 [41] DEBUG NHibernate.Engine.Loading.LoadContexts - attempting to locate loading collection entry [CollectionKey[AnalitFramefork.Hibernate.Models.UserPermission.Users#2]] in any result-set context
18.12.2015 17:36:52.506 [41] DEBUG NHibernate.Engine.Loading.LoadContexts - collection [CollectionKey[AnalitFramefork.Hibernate.Models.UserPermission.Users#2]] located in load context
18.12.2015 17:36:52.506 [41] DEBUG NHibernate.Type.CollectionType - Created collection wrapper: [AnalitFramefork.Hibernate.Models.UserPermission.Users#2]
18.12.2015 17:36:52.506 [41] DEBUG NHibernate.Engine.TwoPhaseLoad - done materializing entity [AnalitFramefork.Hibernate.Models.UserPermission#2]
18.12.2015 17:36:52.506 [41] DEBUG NHibernate.Engine.TwoPhaseLoad - resolving associations for [AnalitFramefork.Hibernate.Models.UserPermission#3]
18.12.2015 17:36:52.506 [41] DEBUG NHibernate.Engine.Loading.LoadContexts - attempting to locate loading collection entry [CollectionKey[AnalitFramefork.Hibernate.Models.UserPermission.Users#3]] in any result-set context
18.12.2015 17:36:52.508 [41] DEBUG NHibernate.Engine.Loading.LoadContexts - collection [CollectionKey[AnalitFramefork.Hibernate.Models.UserPermission.Users#3]] located in load context
18.12.2015 17:36:52.508 [41] DEBUG NHibernate.Type.CollectionType - Created collection wrapper: [AnalitFramefork.Hibernate.Models.UserPermission.Users#3]
18.12.2015 17:36:52.508 [41] DEBUG NHibernate.Engine.TwoPhaseLoad - done materializing entity [AnalitFramefork.Hibernate.Models.UserPermission#3]
18.12.2015 17:36:52.508 [41] DEBUG NHibernate.Engine.TwoPhaseLoad - resolving associations for [AnalitFramefork.Hibernate.Models.UserPermission#4]
18.12.2015 17:36:52.509 [41] DEBUG NHibernate.Engine.Loading.LoadContexts - attempting to locate loading collection entry [CollectionKey[AnalitFramefork.Hibernate.Models.UserPermission.Users#4]] in any result-set context
18.12.2015 17:36:52.509 [41] DEBUG NHibernate.Engine.Loading.LoadContexts - collection [CollectionKey[AnalitFramefork.Hibernate.Models.UserPermission.Users#4]] located in load context
18.12.2015 17:36:52.509 [41] DEBUG NHibernate.Type.CollectionType - Created collection wrapper: [AnalitFramefork.Hibernate.Models.UserPermission.Users#4]
18.12.2015 17:36:52.509 [41] DEBUG NHibernate.Engine.TwoPhaseLoad - done materializing entity [AnalitFramefork.Hibernate.Models.UserPermission#4]
18.12.2015 17:36:52.509 [41] DEBUG NHibernate.Engine.TwoPhaseLoad - resolving associations for [AnalitFramefork.Hibernate.Models.UserPermission#5]
18.12.2015 17:36:52.509 [41] DEBUG NHibernate.Engine.Loading.LoadContexts - attempting to locate loading collection entry [CollectionKey[AnalitFramefork.Hibernate.Models.UserPermission.Users#5]] in any result-set context
18.12.2015 17:36:52.509 [41] DEBUG NHibernate.Engine.Loading.LoadContexts - collection [CollectionKey[AnalitFramefork.Hibernate.Models.UserPermission.Users#5]] located in load context
18.12.2015 17:36:52.509 [41] DEBUG NHibernate.Type.CollectionType - Created collection wrapper: [AnalitFramefork.Hibernate.Models.UserPermission.Users#5]
18.12.2015 17:36:52.509 [41] DEBUG NHibernate.Engine.TwoPhaseLoad - done materializing entity [AnalitFramefork.Hibernate.Models.UserPermission#5]
18.12.2015 17:36:52.509 [41] DEBUG NHibernate.Engine.TwoPhaseLoad - resolving associations for [AnalitFramefork.Hibernate.Models.UserPermission#6]
18.12.2015 17:36:52.509 [41] DEBUG NHibernate.Engine.Loading.LoadContexts - attempting to locate loading collection entry [CollectionKey[AnalitFramefork.Hibernate.Models.UserPermission.Users#6]] in any result-set context
18.12.2015 17:36:52.509 [41] DEBUG NHibernate.Engine.Loading.LoadContexts - collection [CollectionKey[AnalitFramefork.Hibernate.Models.UserPermission.Users#6]] located in load context
18.12.2015 17:36:52.509 [41] DEBUG NHibernate.Type.CollectionType - Created collection wrapper: [AnalitFramefork.Hibernate.Models.UserPermission.Users#6]
18.12.2015 17:36:52.509 [41] DEBUG NHibernate.Engine.TwoPhaseLoad - done materializing entity [AnalitFramefork.Hibernate.Models.UserPermission#6]
18.12.2015 17:36:52.509 [41] DEBUG NHibernate.Engine.TwoPhaseLoad - resolving associations for [AnalitFramefork.Hibernate.Models.UserPermission#7]
18.12.2015 17:36:52.509 [41] DEBUG NHibernate.Engine.Loading.LoadContexts - attempting to locate loading collection entry [CollectionKey[AnalitFramefork.Hibernate.Models.UserPermission.Users#7]] in any result-set context
18.12.2015 17:36:52.509 [41] DEBUG NHibernate.Engine.Loading.LoadContexts - collection [CollectionKey[AnalitFramefork.Hibernate.Models.UserPermission.Users#7]] located in load context
18.12.2015 17:36:52.509 [41] DEBUG NHibernate.Type.CollectionType - Created collection wrapper: [AnalitFramefork.Hibernate.Models.UserPermission.Users#7]
18.12.2015 17:36:52.509 [41] DEBUG NHibernate.Engine.TwoPhaseLoad - done materializing entity [AnalitFramefork.Hibernate.Models.UserPermission#7]
18.12.2015 17:36:52.509 [41] DEBUG NHibernate.Engine.TwoPhaseLoad - resolving associations for [AnalitFramefork.Hibernate.Models.UserPermission#8]
18.12.2015 17:36:52.509 [41] DEBUG NHibernate.Engine.Loading.LoadContexts - attempting to locate loading collection entry [CollectionKey[AnalitFramefork.Hibernate.Models.UserPermission.Users#8]] in any result-set context
18.12.2015 17:36:52.509 [41] DEBUG NHibernate.Engine.Loading.LoadContexts - collection [CollectionKey[AnalitFramefork.Hibernate.Models.UserPermission.Users#8]] located in load context
18.12.2015 17:36:52.509 [41] DEBUG NHibernate.Type.CollectionType - Created collection wrapper: [AnalitFramefork.Hibernate.Models.UserPermission.Users#8]
18.12.2015 17:36:52.509 [41] DEBUG NHibernate.Engine.TwoPhaseLoad - done materializing entity [AnalitFramefork.Hibernate.Models.UserPermission#8]
18.12.2015 17:36:52.509 [41] DEBUG NHibernate.Engine.TwoPhaseLoad - resolving associations for [AnalitFramefork.Hibernate.Models.UserPermission#16]
18.12.2015 17:36:52.509 [41] DEBUG NHibernate.Engine.Loading.LoadContexts - attempting to locate loading collection entry [CollectionKey[AnalitFramefork.Hibernate.Models.UserPermission.Users#16]] in any result-set context
18.12.2015 17:36:52.509 [41] DEBUG NHibernate.Engine.Loading.LoadContexts - collection [CollectionKey[AnalitFramefork.Hibernate.Models.UserPermission.Users#16]] located in load context
18.12.2015 17:36:52.509 [41] DEBUG NHibernate.Type.CollectionType - Created collection wrapper: [AnalitFramefork.Hibernate.Models.UserPermission.Users#16]
18.12.2015 17:36:52.509 [41] DEBUG NHibernate.Engine.TwoPhaseLoad - done materializing entity [AnalitFramefork.Hibernate.Models.UserPermission#16]
18.12.2015 17:36:52.509 [41] DEBUG NHibernate.Engine.TwoPhaseLoad - resolving associations for [AnalitFramefork.Hibernate.Models.UserPermission#17]
18.12.2015 17:36:52.509 [41] DEBUG NHibernate.Engine.Loading.LoadContexts - attempting to locate loading collection entry [CollectionKey[AnalitFramefork.Hibernate.Models.UserPermission.Users#17]] in any result-set context
18.12.2015 17:36:52.509 [41] DEBUG NHibernate.Engine.Loading.LoadContexts - collection [CollectionKey[AnalitFramefork.Hibernate.Models.UserPermission.Users#17]] located in load context
18.12.2015 17:36:52.510 [41] DEBUG NHibernate.Type.CollectionType - Created collection wrapper: [AnalitFramefork.Hibernate.Models.UserPermission.Users#17]
18.12.2015 17:36:52.510 [41] DEBUG NHibernate.Engine.TwoPhaseLoad - done materializing entity [AnalitFramefork.Hibernate.Models.UserPermission#17]
18.12.2015 17:36:52.510 [41] DEBUG NHibernate.Engine.TwoPhaseLoad - resolving associations for [AnalitFramefork.Hibernate.Models.UserPermission#18]
18.12.2015 17:36:52.510 [41] DEBUG NHibernate.Engine.Loading.LoadContexts - attempting to locate loading collection entry [CollectionKey[AnalitFramefork.Hibernate.Models.UserPermission.Users#18]] in any result-set context
18.12.2015 17:36:52.510 [41] DEBUG NHibernate.Engine.Loading.LoadContexts - collection [CollectionKey[AnalitFramefork.Hibernate.Models.UserPermission.Users#18]] located in load context
18.12.2015 17:36:52.510 [41] DEBUG NHibernate.Type.CollectionType - Created collection wrapper: [AnalitFramefork.Hibernate.Models.UserPermission.Users#18]
18.12.2015 17:36:52.510 [41] DEBUG NHibernate.Engine.TwoPhaseLoad - done materializing entity [AnalitFramefork.Hibernate.Models.UserPermission#18]
18.12.2015 17:36:52.510 [41] DEBUG NHibernate.Engine.TwoPhaseLoad - resolving associations for [AnalitFramefork.Hibernate.Models.UserPermission#19]
18.12.2015 17:36:52.510 [41] DEBUG NHibernate.Engine.Loading.LoadContexts - attempting to locate loading collection entry [CollectionKey[AnalitFramefork.Hibernate.Models.UserPermission.Users#19]] in any result-set context
18.12.2015 17:36:52.510 [41] DEBUG NHibernate.Engine.Loading.LoadContexts - collection [CollectionKey[AnalitFramefork.Hibernate.Models.UserPermission.Users#19]] located in load context
18.12.2015 17:36:52.510 [41] DEBUG NHibernate.Type.CollectionType - Created collection wrapper: [AnalitFramefork.Hibernate.Models.UserPermission.Users#19]
18.12.2015 17:36:52.510 [41] DEBUG NHibernate.Engine.TwoPhaseLoad - done materializing entity [AnalitFramefork.Hibernate.Models.UserPermission#19]
18.12.2015 17:36:52.510 [41] DEBUG NHibernate.Engine.TwoPhaseLoad - resolving associations for [AnalitFramefork.Hibernate.Models.UserPermission#20]
18.12.2015 17:36:52.512 [41] DEBUG NHibernate.Engine.Loading.LoadContexts - attempting to locate loading collection entry [CollectionKey[AnalitFramefork.Hibernate.Models.UserPermission.Users#20]] in any result-set context
18.12.2015 17:36:52.512 [41] DEBUG NHibernate.Engine.Loading.LoadContexts - collection [CollectionKey[AnalitFramefork.Hibernate.Models.UserPermission.Users#20]] located in load context
18.12.2015 17:36:52.512 [41] DEBUG NHibernate.Type.CollectionType - Created collection wrapper: [AnalitFramefork.Hibernate.Models.UserPermission.Users#20]
18.12.2015 17:36:52.512 [41] DEBUG NHibernate.Engine.TwoPhaseLoad - done materializing entity [AnalitFramefork.Hibernate.Models.UserPermission#20]
18.12.2015 17:36:52.512 [41] DEBUG NHibernate.Engine.TwoPhaseLoad - resolving associations for [AnalitFramefork.Hibernate.Models.UserPermission#21]
18.12.2015 17:36:52.512 [41] DEBUG NHibernate.Engine.Loading.LoadContexts - attempting to locate loading collection entry [CollectionKey[AnalitFramefork.Hibernate.Models.UserPermission.Users#21]] in any result-set context
18.12.2015 17:36:52.512 [41] DEBUG NHibernate.Engine.Loading.LoadContexts - collection [CollectionKey[AnalitFramefork.Hibernate.Models.UserPermission.Users#21]] located in load context
18.12.2015 17:36:52.512 [41] DEBUG NHibernate.Type.CollectionType - Created collection wrapper: [AnalitFramefork.Hibernate.Models.UserPermission.Users#21]
18.12.2015 17:36:52.512 [41] DEBUG NHibernate.Engine.TwoPhaseLoad - done materializing entity [AnalitFramefork.Hibernate.Models.UserPermission#21]
18.12.2015 17:36:52.512 [41] DEBUG NHibernate.Engine.TwoPhaseLoad - resolving associations for [AnalitFramefork.Hibernate.Models.UserPermission#22]
18.12.2015 17:36:52.512 [41] DEBUG NHibernate.Engine.Loading.LoadContexts - attempting to locate loading collection entry [CollectionKey[AnalitFramefork.Hibernate.Models.UserPermission.Users#22]] in any result-set context
18.12.2015 17:36:52.513 [41] DEBUG NHibernate.Engine.Loading.LoadContexts - collection [CollectionKey[AnalitFramefork.Hibernate.Models.UserPermission.Users#22]] located in load context
18.12.2015 17:36:52.513 [41] DEBUG NHibernate.Type.CollectionType - Created collection wrapper: [AnalitFramefork.Hibernate.Models.UserPermission.Users#22]
18.12.2015 17:36:52.513 [41] DEBUG NHibernate.Engine.TwoPhaseLoad - done materializing entity [AnalitFramefork.Hibernate.Models.UserPermission#22]
18.12.2015 17:36:52.513 [41] DEBUG NHibernate.Engine.TwoPhaseLoad - resolving associations for [AnalitFramefork.Hibernate.Models.UserPermission#24]
18.12.2015 17:36:52.513 [41] DEBUG NHibernate.Engine.Loading.LoadContexts - attempting to locate loading collection entry [CollectionKey[AnalitFramefork.Hibernate.Models.UserPermission.Users#24]] in any result-set context
18.12.2015 17:36:52.513 [41] DEBUG NHibernate.Engine.Loading.LoadContexts - collection [CollectionKey[AnalitFramefork.Hibernate.Models.UserPermission.Users#24]] located in load context
18.12.2015 17:36:52.513 [41] DEBUG NHibernate.Type.CollectionType - Created collection wrapper: [AnalitFramefork.Hibernate.Models.UserPermission.Users#24]
18.12.2015 17:36:52.513 [41] DEBUG NHibernate.Engine.TwoPhaseLoad - done materializing entity [AnalitFramefork.Hibernate.Models.UserPermission#24]
18.12.2015 17:36:52.513 [41] DEBUG NHibernate.Engine.TwoPhaseLoad - resolving associations for [AnalitFramefork.Hibernate.Models.UserPermission#23]
18.12.2015 17:36:52.513 [41] DEBUG NHibernate.Engine.Loading.LoadContexts - attempting to locate loading collection entry [CollectionKey[AnalitFramefork.Hibernate.Models.UserPermission.Users#23]] in any result-set context
18.12.2015 17:36:52.513 [41] DEBUG NHibernate.Engine.Loading.LoadContexts - collection [CollectionKey[AnalitFramefork.Hibernate.Models.UserPermission.Users#23]] located in load context
18.12.2015 17:36:52.513 [41] DEBUG NHibernate.Type.CollectionType - Created collection wrapper: [AnalitFramefork.Hibernate.Models.UserPermission.Users#23]
18.12.2015 17:36:52.513 [41] DEBUG NHibernate.Engine.TwoPhaseLoad - done materializing entity [AnalitFramefork.Hibernate.Models.UserPermission#23]
18.12.2015 17:36:52.513 [41] DEBUG NHibernate.Engine.TwoPhaseLoad - resolving associations for [AnalitFramefork.Hibernate.Models.UserPermission#25]
18.12.2015 17:36:52.513 [41] DEBUG NHibernate.Engine.Loading.LoadContexts - attempting to locate loading collection entry [CollectionKey[AnalitFramefork.Hibernate.Models.UserPermission.Users#25]] in any result-set context
18.12.2015 17:36:52.513 [41] DEBUG NHibernate.Engine.Loading.LoadContexts - collection [CollectionKey[AnalitFramefork.Hibernate.Models.UserPermission.Users#25]] located in load context
18.12.2015 17:36:52.513 [41] DEBUG NHibernate.Type.CollectionType - Created collection wrapper: [AnalitFramefork.Hibernate.Models.UserPermission.Users#25]
18.12.2015 17:36:52.514 [41] DEBUG NHibernate.Engine.TwoPhaseLoad - done materializing entity [AnalitFramefork.Hibernate.Models.UserPermission#25]
18.12.2015 17:36:52.514 [41] DEBUG NHibernate.Engine.Loading.LoadContexts - attempting to locate loading collection entry [CollectionKey[AnalitFramefork.Hibernate.Models.ProducerUser.Permissions#1]] in any result-set context
18.12.2015 17:36:52.514 [41] DEBUG NHibernate.Engine.Loading.LoadContexts - collection [CollectionKey[AnalitFramefork.Hibernate.Models.ProducerUser.Permissions#1]] not located in load context
18.12.2015 17:36:52.514 [41] DEBUG NHibernate.Engine.Loading.CollectionLoadContext - removing collection load entry [NHibernate.Engine.Loading.LoadingCollectionEntry<rs=NHibernate.Driver.NHybridDataReader, coll=[AnalitFramefork.Hibernate.Models.ProducerUser.Permissions#1]>@1dcc0a7]
18.12.2015 17:36:52.514 [41] DEBUG NHibernate.Engine.Loading.CollectionLoadContext - 1 collections were found in result set for role: AnalitFramefork.Hibernate.Models.ProducerUser.Permissions
18.12.2015 17:36:52.514 [41] DEBUG NHibernate.Engine.Loading.CollectionLoadContext - ending loading collection [NHibernate.Engine.Loading.LoadingCollectionEntry<rs=NHibernate.Driver.NHybridDataReader, coll=[AnalitFramefork.Hibernate.Models.ProducerUser.Permissions#1]>@1dcc0a7]
18.12.2015 17:36:52.514 [41] DEBUG NHibernate.Engine.Loading.CollectionLoadContext - collection fully initialized: [AnalitFramefork.Hibernate.Models.ProducerUser.Permissions#1]
18.12.2015 17:36:52.514 [41] DEBUG NHibernate.Engine.Loading.CollectionLoadContext - 1 collections initialized for role: AnalitFramefork.Hibernate.Models.ProducerUser.Permissions
18.12.2015 17:36:52.514 [41] DEBUG NHibernate.Engine.StatefulPersistenceContext - initializing non-lazy collections
18.12.2015 17:36:52.514 [41] DEBUG NHibernate.Loader.Loader - done loading collection
18.12.2015 17:36:52.514 [41] DEBUG NHibernate.Event.Default.DefaultInitializeCollectionEventListener - collection initialized
18.12.2015 17:36:52.520 [41] DEBUG NHibernate.Event.Default.AbstractFlushingEventListener - flushing session
18.12.2015 17:36:52.520 [41] DEBUG NHibernate.Event.Default.AbstractFlushingEventListener - processing flush-time cascades
18.12.2015 17:36:52.520 [41] DEBUG NHibernate.Event.Default.AbstractFlushingEventListener - dirty checking collections
18.12.2015 17:36:52.520 [41] DEBUG NHibernate.Event.Default.AbstractFlushingEventListener - Flushing entities and processing referenced collections
18.12.2015 17:36:52.521 [41] DEBUG NHibernate.Engine.Collections - Collection found: [AnalitFramefork.Hibernate.Models.ProducerUser.Permissions#1], was: [AnalitFramefork.Hibernate.Models.ProducerUser.Permissions#1] (initialized)
18.12.2015 17:36:52.521 [41] DEBUG NHibernate.Engine.Collections - Collection found: [AnalitFramefork.Hibernate.Models.ProducerUser.ReportTemplates#1], was: [AnalitFramefork.Hibernate.Models.ProducerUser.ReportTemplates#1] (uninitialized)
18.12.2015 17:36:52.521 [41] DEBUG NHibernate.Engine.Collections - Collection found: [AnalitFramefork.Hibernate.Models.UserPermission.Users#1], was: [AnalitFramefork.Hibernate.Models.UserPermission.Users#1] (uninitialized)
18.12.2015 17:36:52.521 [41] DEBUG NHibernate.Engine.Collections - Collection found: [AnalitFramefork.Hibernate.Models.UserPermission.Users#2], was: [AnalitFramefork.Hibernate.Models.UserPermission.Users#2] (uninitialized)
18.12.2015 17:36:52.521 [41] DEBUG NHibernate.Engine.Collections - Collection found: [AnalitFramefork.Hibernate.Models.UserPermission.Users#3], was: [AnalitFramefork.Hibernate.Models.UserPermission.Users#3] (uninitialized)
18.12.2015 17:36:52.522 [41] DEBUG NHibernate.Engine.Collections - Collection found: [AnalitFramefork.Hibernate.Models.UserPermission.Users#4], was: [AnalitFramefork.Hibernate.Models.UserPermission.Users#4] (uninitialized)
18.12.2015 17:36:52.522 [41] DEBUG NHibernate.Engine.Collections - Collection found: [AnalitFramefork.Hibernate.Models.UserPermission.Users#5], was: [AnalitFramefork.Hibernate.Models.UserPermission.Users#5] (uninitialized)
18.12.2015 17:36:52.522 [41] DEBUG NHibernate.Engine.Collections - Collection found: [AnalitFramefork.Hibernate.Models.UserPermission.Users#6], was: [AnalitFramefork.Hibernate.Models.UserPermission.Users#6] (uninitialized)
18.12.2015 17:36:52.522 [41] DEBUG NHibernate.Engine.Collections - Collection found: [AnalitFramefork.Hibernate.Models.UserPermission.Users#7], was: [AnalitFramefork.Hibernate.Models.UserPermission.Users#7] (uninitialized)
18.12.2015 17:36:52.522 [41] DEBUG NHibernate.Engine.Collections - Collection found: [AnalitFramefork.Hibernate.Models.UserPermission.Users#8], was: [AnalitFramefork.Hibernate.Models.UserPermission.Users#8] (uninitialized)
18.12.2015 17:36:52.522 [41] DEBUG NHibernate.Engine.Collections - Collection found: [AnalitFramefork.Hibernate.Models.UserPermission.Users#16], was: [AnalitFramefork.Hibernate.Models.UserPermission.Users#16] (uninitialized)
18.12.2015 17:36:52.522 [41] DEBUG NHibernate.Engine.Collections - Collection found: [AnalitFramefork.Hibernate.Models.UserPermission.Users#17], was: [AnalitFramefork.Hibernate.Models.UserPermission.Users#17] (uninitialized)
18.12.2015 17:36:52.522 [41] DEBUG NHibernate.Engine.Collections - Collection found: [AnalitFramefork.Hibernate.Models.UserPermission.Users#18], was: [AnalitFramefork.Hibernate.Models.UserPermission.Users#18] (uninitialized)
18.12.2015 17:36:52.522 [41] DEBUG NHibernate.Engine.Collections - Collection found: [AnalitFramefork.Hibernate.Models.UserPermission.Users#19], was: [AnalitFramefork.Hibernate.Models.UserPermission.Users#19] (uninitialized)
18.12.2015 17:36:52.522 [41] DEBUG NHibernate.Engine.Collections - Collection found: [AnalitFramefork.Hibernate.Models.UserPermission.Users#20], was: [AnalitFramefork.Hibernate.Models.UserPermission.Users#20] (uninitialized)
18.12.2015 17:36:52.522 [41] DEBUG NHibernate.Engine.Collections - Collection found: [AnalitFramefork.Hibernate.Models.UserPermission.Users#21], was: [AnalitFramefork.Hibernate.Models.UserPermission.Users#21] (uninitialized)
18.12.2015 17:36:52.522 [41] DEBUG NHibernate.Engine.Collections - Collection found: [AnalitFramefork.Hibernate.Models.UserPermission.Users#22], was: [AnalitFramefork.Hibernate.Models.UserPermission.Users#22] (uninitialized)
18.12.2015 17:36:52.522 [41] DEBUG NHibernate.Engine.Collections - Collection found: [AnalitFramefork.Hibernate.Models.UserPermission.Users#24], was: [AnalitFramefork.Hibernate.Models.UserPermission.Users#24] (uninitialized)
18.12.2015 17:36:52.522 [41] DEBUG NHibernate.Engine.Collections - Collection found: [AnalitFramefork.Hibernate.Models.UserPermission.Users#23], was: [AnalitFramefork.Hibernate.Models.UserPermission.Users#23] (uninitialized)
18.12.2015 17:36:52.522 [41] DEBUG NHibernate.Engine.Collections - Collection found: [AnalitFramefork.Hibernate.Models.UserPermission.Users#25], was: [AnalitFramefork.Hibernate.Models.UserPermission.Users#25] (uninitialized)
18.12.2015 17:36:52.522 [41] DEBUG NHibernate.Event.Default.AbstractFlushingEventListener - Processing unreferenced collections
18.12.2015 17:36:52.522 [41] DEBUG NHibernate.Event.Default.AbstractFlushingEventListener - Scheduling collection removes/(re)creates/updates
18.12.2015 17:36:52.522 [41] DEBUG NHibernate.Event.Default.AbstractFlushingEventListener - Flushed: 0 insertions, 0 updates, 0 deletions to 19 objects
18.12.2015 17:36:52.522 [41] DEBUG NHibernate.Event.Default.AbstractFlushingEventListener - Flushed: 0 (re)creations, 0 updates, 0 removals to 20 collections
18.12.2015 17:36:52.522 [41] DEBUG NHibernate.Impl.Printer - listing entities:
18.12.2015 17:36:52.523 [41] DEBUG NHibernate.Impl.Printer - AnalitFramefork.Hibernate.Models.ProducerUser{'Id'='1', 'Name'='Legusov A A', 'Password'='e10adc3949ba59abbe56e057f20f883e', 'Email'='alegusov@analit.net', 'Appointment'='Tester', 'PasswordUpdated'='16.12.2015 19:30:39', 'PasswordToUpdate'='False', 'Enabled'='True', 'Producer'='AnalitFramefork.Hibernate.Models.Producer#55', 'Permissions'='['AnalitFramefork.Hibernate.Models.UserPermission#1', 'AnalitFramefork.Hibernate.Models.UserPermission#2', 'AnalitFramefork.Hibernate.Models.UserPermission#3', 'AnalitFramefork.Hibernate.Models.UserPermission#4', 'AnalitFramefork.Hibernate.Models.UserPermission#5', 'AnalitFramefork.Hibernate.Models.UserPermission#6', 'AnalitFramefork.Hibernate.Models.UserPermission#7', 'AnalitFramefork.Hibernate.Models.UserPermission#8', 'AnalitFramefork.Hibernate.Models.UserPermission#16', 'AnalitFramefork.Hibernate.Models.UserPermission#17', 'AnalitFramefork.Hibernate.Models.UserPermission#18', 'AnalitFramefork.Hibernate.Models.UserPermission#19', 'AnalitFramefork.Hibernate.Models.UserPermission#20', 'AnalitFramefork.Hibernate.Models.UserPermission#21', 'AnalitFramefork.Hibernate.Models.UserPermission#22', 'AnalitFramefork.Hibernate.Models.UserPermission#24', 'AnalitFramefork.Hibernate.Models.UserPermission#23', 'AnalitFramefork.Hibernate.Models.UserPermission#25']', 'ReportTemplates'='<uninitialized>'}
18.12.2015 17:36:52.523 [41] DEBUG NHibernate.Impl.Printer - AnalitFramefork.Hibernate.Models.UserPermission{'Id'='1', 'Name'='Profile_Index', 'Description'='?????? ? ???????? <a href='/Profile'>Profile_Index</a>', 'Users'='<uninitialized>'}
18.12.2015 17:36:52.523 [41] DEBUG NHibernate.Impl.Printer - AnalitFramefork.Hibernate.Models.UserPermission{'Id'='2', 'Name'='Profile_Products', 'Description'='?????? ? ???????? <a href='/Profile/Products'>Profile_Products</a>', 'Users'='<uninitialized>'}
18.12.2015 17:36:52.523 [41] DEBUG NHibernate.Impl.Printer - AnalitFramefork.Hibernate.Models.UserPermission{'Id'='3', 'Name'='Profile_Catalog', 'Description'='?????? ? ???????? <a href='/Profile/Catalog'>Profile_Catalog</a>', 'Users'='<uninitialized>'}
18.12.2015 17:36:52.523 [41] DEBUG NHibernate.Impl.Printer - AnalitFramefork.Hibernate.Models.UserPermission{'Id'='4', 'Name'='Profile_Promotions', 'Description'='?????? ? ???????? <a href='/Profile/Promotions'>Profile_Promotions</a>', 'Users'='<uninitialized>'}
18.12.2015 17:36:52.523 [41] DEBUG NHibernate.Impl.Printer - AnalitFramefork.Hibernate.Models.UserPermission{'Id'='5', 'Name'='Profile_AddPromotionDrug', 'Description'='?????? ? ???????? <a href='/Profile/AddPromotionDrug'>Profile_AddPromotionDrug</a>', 'Users'='<uninitialized>'}
18.12.2015 17:36:52.523 [41] DEBUG NHibernate.Impl.Printer - AnalitFramefork.Hibernate.Models.UserPermission{'Id'='6', 'Name'='Profile_RemovePromotionDrug', 'Description'='?????? ? ???????? <a href='/Profile/RemovePromotionDrug'>Profile_RemovePromotionDrug</a>', 'Users'='<uninitialized>'}
18.12.2015 17:36:52.523 [41] DEBUG NHibernate.Impl.Printer - AnalitFramefork.Hibernate.Models.UserPermission{'Id'='7', 'Name'='Profile_Reports', 'Description'='?????? ? ???????? <a href='/Profile/Reports'>Profile_Reports</a>', 'Users'='<uninitialized>'}
18.12.2015 17:36:52.523 [41] DEBUG NHibernate.Impl.Printer - AnalitFramefork.Hibernate.Models.UserPermission{'Id'='8', 'Name'='Profile_EditGeneralReport', 'Description'='?????? ? ???????? <a href='/Profile/EditGeneralReport'>Profile_EditGeneralReport</a>', 'Users'='<uninitialized>'}
18.12.2015 17:36:52.523 [41] DEBUG NHibernate.Impl.Printer - AnalitFramefork.Hibernate.Models.UserPermission{'Id'='16', 'Name'='Permissions_ListUser', 'Description'='?????? ? ???????? <a href='/Permissions/ListUser'>Permissions_ListUser</a>', 'Users'='<uninitialized>'}
18.12.2015 17:36:52.523 [41] DEBUG NHibernate.Impl.Printer - AnalitFramefork.Hibernate.Models.UserPermission{'Id'='17', 'Name'='Permissions_ManageUserPermission', 'Description'='?????? ? ???????? <a href='/Permissions/ManageUserPermission'>Permissions_ManageUserPermission</a>', 'Users'='<uninitialized>'}
18.12.2015 17:36:52.523 [41] DEBUG NHibernate.Impl.Printer - AnalitFramefork.Hibernate.Models.UserPermission{'Id'='18', 'Name'='Permissions_AddUserPermission', 'Description'='?????? ? ???????? <a href='/Permissions/AddUserPermission'>Permissions_AddUserPermission</a>', 'Users'='<uninitialized>'}
18.12.2015 17:36:52.523 [41] DEBUG NHibernate.Impl.Printer - AnalitFramefork.Hibernate.Models.UserPermission{'Id'='19', 'Name'='Permissions_DeleteUserPermission', 'Description'='?????? ? ???????? <a href='/Permissions/DeleteUserPermission'>Permissions_DeleteUserPermission</a>', 'Users'='<uninitialized>'}
18.12.2015 17:36:52.523 [41] DEBUG NHibernate.Impl.Printer - AnalitFramefork.Hibernate.Models.UserPermission{'Id'='20', 'Name'='Report_JobList', 'Description'='<a href='/Report/JobList'>Report_JobList</a>', 'Users'='<uninitialized>'}
18.12.2015 17:36:52.523 [41] DEBUG NHibernate.Impl.Printer - AnalitFramefork.Hibernate.Models.UserPermission{'Id'='21', 'Name'='Report_Edit', 'Description'='<a href='/Report/Edit''>Report_Edit</a>', 'Users'='<uninitialized>'}
18.12.2015 17:36:52.523 [41] DEBUG NHibernate.Impl.Printer - AnalitFramefork.Hibernate.Models.UserPermission{'Id'='22', 'Name'='Report_RunNow', 'Description'='<a href='/Report/RunNow'>Report_RunNow</a>', 'Users'='<uninitialized>'}
18.12.2015 17:36:52.523 [41] DEBUG NHibernate.Impl.Printer - AnalitFramefork.Hibernate.Models.UserPermission{'Id'='24', 'Name'='Report_GetSupplierJson', 'Description'='<a href='/Report/GetSupplierJson'>Report_GetSupplierJson</a>', 'Users'='<uninitialized>'}
18.12.2015 17:36:52.523 [41] DEBUG NHibernate.Impl.Printer - AnalitFramefork.Hibernate.Models.UserPermission{'Id'='23', 'Name'='Report_AddJob', 'Description'='<a href='/Report/AddJob'>Report_AddJob</a>', 'Users'='<uninitialized>'}
18.12.2015 17:36:52.523 [41] DEBUG NHibernate.Impl.Printer - AnalitFramefork.Hibernate.Models.UserPermission{'Id'='25', 'Name'='Report_RunNow', 'Description'='<a href='/Report/RunNow'>Report_RunNown</a>', 'Users'='<uninitialized>'}
18.12.2015 17:36:52.523 [41] DEBUG NHibernate.Event.Default.AbstractFlushingEventListener - executing flush
18.12.2015 17:36:52.523 [41] DEBUG NHibernate.AdoNet.ConnectionManager - registering flush begin
18.12.2015 17:36:52.523 [41] DEBUG NHibernate.AdoNet.ConnectionManager - registering flush end
18.12.2015 17:36:52.524 [41] DEBUG NHibernate.Event.Default.AbstractFlushingEventListener - post flush
18.12.2015 17:36:52.524 [41] DEBUG NHibernate.Transaction.AdoTransaction - Start Commit
18.12.2015 17:36:52.524 [41] DEBUG NHibernate.Event.Default.AbstractFlushingEventListener - flushing session
18.12.2015 17:36:52.524 [41] DEBUG NHibernate.Event.Default.AbstractFlushingEventListener - processing flush-time cascades
18.12.2015 17:36:52.524 [41] DEBUG NHibernate.Event.Default.AbstractFlushingEventListener - dirty checking collections
18.12.2015 17:36:52.524 [41] DEBUG NHibernate.Event.Default.AbstractFlushingEventListener - Flushing entities and processing referenced collections
18.12.2015 17:36:52.524 [41] DEBUG NHibernate.Engine.Collections - Collection found: [AnalitFramefork.Hibernate.Models.ProducerUser.Permissions#1], was: [AnalitFramefork.Hibernate.Models.ProducerUser.Permissions#1] (initialized)
18.12.2015 17:36:52.524 [41] DEBUG NHibernate.Engine.Collections - Collection found: [AnalitFramefork.Hibernate.Models.ProducerUser.ReportTemplates#1], was: [AnalitFramefork.Hibernate.Models.ProducerUser.ReportTemplates#1] (uninitialized)
18.12.2015 17:36:52.524 [41] DEBUG NHibernate.Engine.Collections - Collection found: [AnalitFramefork.Hibernate.Models.UserPermission.Users#1], was: [AnalitFramefork.Hibernate.Models.UserPermission.Users#1] (uninitialized)
18.12.2015 17:36:52.524 [41] DEBUG NHibernate.Engine.Collections - Collection found: [AnalitFramefork.Hibernate.Models.UserPermission.Users#2], was: [AnalitFramefork.Hibernate.Models.UserPermission.Users#2] (uninitialized)
18.12.2015 17:36:52.524 [41] DEBUG NHibernate.Engine.Collections - Collection found: [AnalitFramefork.Hibernate.Models.UserPermission.Users#3], was: [AnalitFramefork.Hibernate.Models.UserPermission.Users#3] (uninitialized)
18.12.2015 17:36:52.524 [41] DEBUG NHibernate.Engine.Collections - Collection found: [AnalitFramefork.Hibernate.Models.UserPermission.Users#4], was: [AnalitFramefork.Hibernate.Models.UserPermission.Users#4] (uninitialized)
18.12.2015 17:36:52.524 [41] DEBUG NHibernate.Engine.Collections - Collection found: [AnalitFramefork.Hibernate.Models.UserPermission.Users#5], was: [AnalitFramefork.Hibernate.Models.UserPermission.Users#5] (uninitialized)
18.12.2015 17:36:52.524 [41] DEBUG NHibernate.Engine.Collections - Collection found: [AnalitFramefork.Hibernate.Models.UserPermission.Users#6], was: [AnalitFramefork.Hibernate.Models.UserPermission.Users#6] (uninitialized)
18.12.2015 17:36:52.524 [41] DEBUG NHibernate.Engine.Collections - Collection found: [AnalitFramefork.Hibernate.Models.UserPermission.Users#7], was: [AnalitFramefork.Hibernate.Models.UserPermission.Users#7] (uninitialized)
18.12.2015 17:36:52.524 [41] DEBUG NHibernate.Engine.Collections - Collection found: [AnalitFramefork.Hibernate.Models.UserPermission.Users#8], was: [AnalitFramefork.Hibernate.Models.UserPermission.Users#8] (uninitialized)
18.12.2015 17:36:52.524 [41] DEBUG NHibernate.Engine.Collections - Collection found: [AnalitFramefork.Hibernate.Models.UserPermission.Users#16], was: [AnalitFramefork.Hibernate.Models.UserPermission.Users#16] (uninitialized)
18.12.2015 17:36:52.524 [41] DEBUG NHibernate.Engine.Collections - Collection found: [AnalitFramefork.Hibernate.Models.UserPermission.Users#17], was: [AnalitFramefork.Hibernate.Models.UserPermission.Users#17] (uninitialized)
18.12.2015 17:36:52.524 [41] DEBUG NHibernate.Engine.Collections - Collection found: [AnalitFramefork.Hibernate.Models.UserPermission.Users#18], was: [AnalitFramefork.Hibernate.Models.UserPermission.Users#18] (uninitialized)
18.12.2015 17:36:52.524 [41] DEBUG NHibernate.Engine.Collections - Collection found: [AnalitFramefork.Hibernate.Models.UserPermission.Users#19], was: [AnalitFramefork.Hibernate.Models.UserPermission.Users#19] (uninitialized)
18.12.2015 17:36:52.525 [41] DEBUG NHibernate.Engine.Collections - Collection found: [AnalitFramefork.Hibernate.Models.UserPermission.Users#20], was: [AnalitFramefork.Hibernate.Models.UserPermission.Users#20] (uninitialized)
18.12.2015 17:36:52.525 [41] DEBUG NHibernate.Engine.Collections - Collection found: [AnalitFramefork.Hibernate.Models.UserPermission.Users#21], was: [AnalitFramefork.Hibernate.Models.UserPermission.Users#21] (uninitialized)
18.12.2015 17:36:52.525 [41] DEBUG NHibernate.Engine.Collections - Collection found: [AnalitFramefork.Hibernate.Models.UserPermission.Users#22], was: [AnalitFramefork.Hibernate.Models.UserPermission.Users#22] (uninitialized)
18.12.2015 17:36:52.525 [41] DEBUG NHibernate.Engine.Collections - Collection found: [AnalitFramefork.Hibernate.Models.UserPermission.Users#24], was: [AnalitFramefork.Hibernate.Models.UserPermission.Users#24] (uninitialized)
18.12.2015 17:36:52.525 [41] DEBUG NHibernate.Engine.Collections - Collection found: [AnalitFramefork.Hibernate.Models.UserPermission.Users#23], was: [AnalitFramefork.Hibernate.Models.UserPermission.Users#23] (uninitialized)
18.12.2015 17:36:52.525 [41] DEBUG NHibernate.Engine.Collections - Collection found: [AnalitFramefork.Hibernate.Models.UserPermission.Users#25], was: [AnalitFramefork.Hibernate.Models.UserPermission.Users#25] (uninitialized)
18.12.2015 17:36:52.525 [41] DEBUG NHibernate.Event.Default.AbstractFlushingEventListener - Processing unreferenced collections
18.12.2015 17:36:52.525 [41] DEBUG NHibernate.Event.Default.AbstractFlushingEventListener - Scheduling collection removes/(re)creates/updates
18.12.2015 17:36:52.525 [41] DEBUG NHibernate.Event.Default.AbstractFlushingEventListener - Flushed: 0 insertions, 0 updates, 0 deletions to 19 objects
18.12.2015 17:36:52.525 [41] DEBUG NHibernate.Event.Default.AbstractFlushingEventListener - Flushed: 0 (re)creations, 0 updates, 0 removals to 20 collections
18.12.2015 17:36:52.525 [41] DEBUG NHibernate.Impl.Printer - listing entities:
18.12.2015 17:36:52.525 [41] DEBUG NHibernate.Impl.Printer - AnalitFramefork.Hibernate.Models.ProducerUser{'Id'='1', 'Name'='Legusov A A', 'Password'='e10adc3949ba59abbe56e057f20f883e', 'Email'='alegusov@analit.net', 'Appointment'='Tester', 'PasswordUpdated'='16.12.2015 19:30:39', 'PasswordToUpdate'='False', 'Enabled'='True', 'Producer'='AnalitFramefork.Hibernate.Models.Producer#55', 'Permissions'='['AnalitFramefork.Hibernate.Models.UserPermission#1', 'AnalitFramefork.Hibernate.Models.UserPermission#2', 'AnalitFramefork.Hibernate.Models.UserPermission#3', 'AnalitFramefork.Hibernate.Models.UserPermission#4', 'AnalitFramefork.Hibernate.Models.UserPermission#5', 'AnalitFramefork.Hibernate.Models.UserPermission#6', 'AnalitFramefork.Hibernate.Models.UserPermission#7', 'AnalitFramefork.Hibernate.Models.UserPermission#8', 'AnalitFramefork.Hibernate.Models.UserPermission#16', 'AnalitFramefork.Hibernate.Models.UserPermission#17', 'AnalitFramefork.Hibernate.Models.UserPermission#18', 'AnalitFramefork.Hibernate.Models.UserPermission#19', 'AnalitFramefork.Hibernate.Models.UserPermission#20', 'AnalitFramefork.Hibernate.Models.UserPermission#21', 'AnalitFramefork.Hibernate.Models.UserPermission#22', 'AnalitFramefork.Hibernate.Models.UserPermission#24', 'AnalitFramefork.Hibernate.Models.UserPermission#23', 'AnalitFramefork.Hibernate.Models.UserPermission#25']', 'ReportTemplates'='<uninitialized>'}
18.12.2015 17:36:52.525 [41] DEBUG NHibernate.Impl.Printer - AnalitFramefork.Hibernate.Models.UserPermission{'Id'='1', 'Name'='Profile_Index', 'Description'='?????? ? ???????? <a href='/Profile'>Profile_Index</a>', 'Users'='<uninitialized>'}
18.12.2015 17:36:52.525 [41] DEBUG NHibernate.Impl.Printer - AnalitFramefork.Hibernate.Models.UserPermission{'Id'='2', 'Name'='Profile_Products', 'Description'='?????? ? ???????? <a href='/Profile/Products'>Profile_Products</a>', 'Users'='<uninitialized>'}
18.12.2015 17:36:52.525 [41] DEBUG NHibernate.Impl.Printer - AnalitFramefork.Hibernate.Models.UserPermission{'Id'='3', 'Name'='Profile_Catalog', 'Description'='?????? ? ???????? <a href='/Profile/Catalog'>Profile_Catalog</a>', 'Users'='<uninitialized>'}
18.12.2015 17:36:52.526 [41] DEBUG NHibernate.Impl.Printer - AnalitFramefork.Hibernate.Models.UserPermission{'Id'='4', 'Name'='Profile_Promotions', 'Description'='?????? ? ???????? <a href='/Profile/Promotions'>Profile_Promotions</a>', 'Users'='<uninitialized>'}
18.12.2015 17:36:52.526 [41] DEBUG NHibernate.Impl.Printer - AnalitFramefork.Hibernate.Models.UserPermission{'Id'='5', 'Name'='Profile_AddPromotionDrug', 'Description'='?????? ? ???????? <a href='/Profile/AddPromotionDrug'>Profile_AddPromotionDrug</a>', 'Users'='<uninitialized>'}
18.12.2015 17:36:52.526 [41] DEBUG NHibernate.Impl.Printer - AnalitFramefork.Hibernate.Models.UserPermission{'Id'='6', 'Name'='Profile_RemovePromotionDrug', 'Description'='?????? ? ???????? <a href='/Profile/RemovePromotionDrug'>Profile_RemovePromotionDrug</a>', 'Users'='<uninitialized>'}
18.12.2015 17:36:52.526 [41] DEBUG NHibernate.Impl.Printer - AnalitFramefork.Hibernate.Models.UserPermission{'Id'='7', 'Name'='Profile_Reports', 'Description'='?????? ? ???????? <a href='/Profile/Reports'>Profile_Reports</a>', 'Users'='<uninitialized>'}
18.12.2015 17:36:52.526 [41] DEBUG NHibernate.Impl.Printer - AnalitFramefork.Hibernate.Models.UserPermission{'Id'='8', 'Name'='Profile_EditGeneralReport', 'Description'='?????? ? ???????? <a href='/Profile/EditGeneralReport'>Profile_EditGeneralReport</a>', 'Users'='<uninitialized>'}
18.12.2015 17:36:52.526 [41] DEBUG NHibernate.Impl.Printer - AnalitFramefork.Hibernate.Models.UserPermission{'Id'='16', 'Name'='Permissions_ListUser', 'Description'='?????? ? ???????? <a href='/Permissions/ListUser'>Permissions_ListUser</a>', 'Users'='<uninitialized>'}
18.12.2015 17:36:52.526 [41] DEBUG NHibernate.Impl.Printer - AnalitFramefork.Hibernate.Models.UserPermission{'Id'='17', 'Name'='Permissions_ManageUserPermission', 'Description'='?????? ? ???????? <a href='/Permissions/ManageUserPermission'>Permissions_ManageUserPermission</a>', 'Users'='<uninitialized>'}
18.12.2015 17:36:52.526 [41] DEBUG NHibernate.Impl.Printer - AnalitFramefork.Hibernate.Models.UserPermission{'Id'='18', 'Name'='Permissions_AddUserPermission', 'Description'='?????? ? ???????? <a href='/Permissions/AddUserPermission'>Permissions_AddUserPermission</a>', 'Users'='<uninitialized>'}
18.12.2015 17:36:52.526 [41] DEBUG NHibernate.Impl.Printer - AnalitFramefork.Hibernate.Models.UserPermission{'Id'='19', 'Name'='Permissions_DeleteUserPermission', 'Description'='?????? ? ???????? <a href='/Permissions/DeleteUserPermission'>Permissions_DeleteUserPermission</a>', 'Users'='<uninitialized>'}
18.12.2015 17:36:52.526 [41] DEBUG NHibernate.Impl.Printer - AnalitFramefork.Hibernate.Models.UserPermission{'Id'='20', 'Name'='Report_JobList', 'Description'='<a href='/Report/JobList'>Report_JobList</a>', 'Users'='<uninitialized>'}
18.12.2015 17:36:52.526 [41] DEBUG NHibernate.Impl.Printer - AnalitFramefork.Hibernate.Models.UserPermission{'Id'='21', 'Name'='Report_Edit', 'Description'='<a href='/Report/Edit''>Report_Edit</a>', 'Users'='<uninitialized>'}
18.12.2015 17:36:52.526 [41] DEBUG NHibernate.Impl.Printer - AnalitFramefork.Hibernate.Models.UserPermission{'Id'='22', 'Name'='Report_RunNow', 'Description'='<a href='/Report/RunNow'>Report_RunNow</a>', 'Users'='<uninitialized>'}
18.12.2015 17:36:52.526 [41] DEBUG NHibernate.Impl.Printer - AnalitFramefork.Hibernate.Models.UserPermission{'Id'='24', 'Name'='Report_GetSupplierJson', 'Description'='<a href='/Report/GetSupplierJson'>Report_GetSupplierJson</a>', 'Users'='<uninitialized>'}
18.12.2015 17:36:52.526 [41] DEBUG NHibernate.Impl.Printer - AnalitFramefork.Hibernate.Models.UserPermission{'Id'='23', 'Name'='Report_AddJob', 'Description'='<a href='/Report/AddJob'>Report_AddJob</a>', 'Users'='<uninitialized>'}
18.12.2015 17:36:52.526 [41] DEBUG NHibernate.Impl.Printer - AnalitFramefork.Hibernate.Models.UserPermission{'Id'='25', 'Name'='Report_RunNow', 'Description'='<a href='/Report/RunNow'>Report_RunNown</a>', 'Users'='<uninitialized>'}
18.12.2015 17:36:52.526 [41] DEBUG NHibernate.Event.Default.AbstractFlushingEventListener - executing flush
18.12.2015 17:36:52.526 [41] DEBUG NHibernate.AdoNet.ConnectionManager - registering flush begin
18.12.2015 17:36:52.526 [41] DEBUG NHibernate.AdoNet.ConnectionManager - registering flush end
18.12.2015 17:36:52.526 [41] DEBUG NHibernate.Event.Default.AbstractFlushingEventListener - post flush
18.12.2015 17:36:52.526 [41] DEBUG NHibernate.Impl.SessionImpl - before transaction completion
18.12.2015 17:36:52.527 [41] DEBUG NHibernate.Transaction.AdoTransaction - IDbTransaction Committed
18.12.2015 17:36:52.527 [41] DEBUG NHibernate.Impl.SessionImpl - transaction completion
18.12.2015 17:36:52.527 [41] DEBUG NHibernate.AdoNet.ConnectionManager - aggressively releasing database connection
18.12.2015 17:36:52.527 [41] DEBUG NHibernate.Connection.ConnectionProvider - Closing connection
18.12.2015 17:36:52.527 [41] DEBUG NHibernate.Transaction.AdoTransaction - IDbTransaction disposed.
18.12.2015 17:36:52.527 [41] DEBUG NHibernate.Impl.SessionImpl - closing session
18.12.2015 17:36:52.527 [41] DEBUG NHibernate.AdoNet.AbstractBatcher - running BatcherImpl.Dispose(true)
18.12.2015 17:37:19.813 [TestScheduler_QuartzSchedulerThread] DEBUG Quartz.Core.QuartzSchedulerThread - Batch acquisition of 0 triggers
18.12.2015 17:37:26.011 [QuartzScheduler_TestScheduler-NON_CLUSTERED_MisfireHandler] DEBUG Quartz.Impl.AdoJobStore.JobStoreTX - MisfireHandler: scanning for misfires...
18.12.2015 17:37:26.085 [QuartzScheduler_TestScheduler-NON_CLUSTERED_MisfireHandler] DEBUG Quartz.Impl.AdoJobStore.JobStoreTX - Found 0 triggers that missed their scheduled fire-time.
18.12.2015 17:37:45.860 [TestScheduler_QuartzSchedulerThread] DEBUG Quartz.Core.QuartzSchedulerThread - Batch acquisition of 0 triggers
18.12.2015 17:38:10.371 [TestScheduler_QuartzSchedulerThread] DEBUG Quartz.Core.QuartzSchedulerThread - Batch acquisition of 0 triggers
18.12.2015 17:38:26.018 [QuartzScheduler_TestScheduler-NON_CLUSTERED_MisfireHandler] DEBUG Quartz.Impl.AdoJobStore.JobStoreTX - MisfireHandler: scanning for misfires...
18.12.2015 17:38:26.080 [QuartzScheduler_TestScheduler-NON_CLUSTERED_MisfireHandler] DEBUG Quartz.Impl.AdoJobStore.JobStoreTX - Found 0 triggers that missed their scheduled fire-time.
18.12.2015 17:38:38.646 [TestScheduler_QuartzSchedulerThread] DEBUG Quartz.Core.QuartzSchedulerThread - Batch acquisition of 0 triggers
18.12.2015 17:39:06.167 [TestScheduler_QuartzSchedulerThread] DEBUG Quartz.Core.QuartzSchedulerThread - Batch acquisition of 0 triggers
18.12.2015 17:39:26.040 [QuartzScheduler_TestScheduler-NON_CLUSTERED_MisfireHandler] DEBUG Quartz.Impl.AdoJobStore.JobStoreTX - MisfireHandler: scanning for misfires...
18.12.2015 17:39:26.103 [QuartzScheduler_TestScheduler-NON_CLUSTERED_MisfireHandler] DEBUG Quartz.Impl.AdoJobStore.JobStoreTX - Found 0 triggers that missed their scheduled fire-time.
18.12.2015 17:39:31.965 [TestScheduler_QuartzSchedulerThread] DEBUG Quartz.Core.QuartzSchedulerThread - Batch acquisition of 0 triggers
18.12.2015 17:39:55.191 [TestScheduler_QuartzSchedulerThread] DEBUG Quartz.Core.QuartzSchedulerThread - Batch acquisition of 0 triggers
18.12.2015 17:40:23.939 [TestScheduler_QuartzSchedulerThread] DEBUG Quartz.Core.QuartzSchedulerThread - Batch acquisition of 0 triggers
18.12.2015 17:40:26.064 [QuartzScheduler_TestScheduler-NON_CLUSTERED_MisfireHandler] DEBUG Quartz.Impl.AdoJobStore.JobStoreTX - MisfireHandler: scanning for misfires...
18.12.2015 17:40:26.126 [QuartzScheduler_TestScheduler-NON_CLUSTERED_MisfireHandler] DEBUG Quartz.Impl.AdoJobStore.JobStoreTX - Found 0 triggers that missed their scheduled fire-time.
18.12.2015 17:40:49.283 [TestScheduler_QuartzSchedulerThread] DEBUG Quartz.Core.QuartzSchedulerThread - Batch acquisition of 0 triggers
18.12.2015 17:41:18.361 [TestScheduler_QuartzSchedulerThread] DEBUG Quartz.Core.QuartzSchedulerThread - Batch acquisition of 0 triggers
18.12.2015 17:41:26.080 [QuartzScheduler_TestScheduler-NON_CLUSTERED_MisfireHandler] DEBUG Quartz.Impl.AdoJobStore.JobStoreTX - MisfireHandler: scanning for misfires...
18.12.2015 17:41:26.142 [QuartzScheduler_TestScheduler-NON_CLUSTERED_MisfireHandler] DEBUG Quartz.Impl.AdoJobStore.JobStoreTX - Found 0 triggers that missed their scheduled fire-time.
18.12.2015 17:41:46.255 [TestScheduler_QuartzSchedulerThread] DEBUG Quartz.Core.QuartzSchedulerThread - Batch acquisition of 0 triggers
18.12.2015 17:42:16.217 [TestScheduler_QuartzSchedulerThread] DEBUG Quartz.Core.QuartzSchedulerThread - Batch acquisition of 0 triggers
18.12.2015 17:42:26.090 [QuartzScheduler_TestScheduler-NON_CLUSTERED_MisfireHandler] DEBUG Quartz.Impl.AdoJobStore.JobStoreTX - MisfireHandler: scanning for misfires...
18.12.2015 17:42:26.166 [QuartzScheduler_TestScheduler-NON_CLUSTERED_MisfireHandler] DEBUG Quartz.Impl.AdoJobStore.JobStoreTX - Found 0 triggers that missed their scheduled fire-time.
18.12.2015 17:42:45.169 [TestScheduler_QuartzSchedulerThread] DEBUG Quartz.Core.QuartzSchedulerThread - Batch acquisition of 0 triggers
